# JRE version: OpenJDK Runtime Environment (11.0.8+10) (build 11.0.8+10-b944.6842174)
# Java VM: OpenJDK 64-Bit Server VM (11.0.8+10-b944.6842174, mixed mode, tiered, compressed oops, g1 gc, windows-amd64)
Heap:
 garbage-first heap   total 655360K, used 186656K [0x0000000080000000, 0x0000000100000000)
  region size 1024K, 6 young (6144K), 6 survivors (6144K)
 Metaspace       used 126261K, capacity 129067K, committed 129356K, reserved 1161216K
  class space    used 15576K, capacity 16592K, committed 16716K, reserved 1048576K
GC Heap History (20 events):
Event: 4363.438 GC heap after
{Heap after GC invocations=60 (full 0):
 garbage-first heap   total 208896K, used 121454K [0x0000000080000000, 0x0000000100000000)
  region size 1024K, 6 young (6144K), 6 survivors (6144K)
 Metaspace       used 112852K, capacity 115268K, committed 117068K, reserved 1150976K
  class space    used 13843K, capacity 14656K, committed 15180K, reserved 1048576K
}
Event: 4364.560 GC heap before
{Heap before GC invocations=61 (full 0):
 garbage-first heap   total 208896K, used 164462K [0x0000000080000000, 0x0000000100000000)
  region size 1024K, 52 young (53248K), 6 survivors (6144K)
 Metaspace       used 115046K, capacity 117427K, committed 119116K, reserved 1153024K
  class space    used 14120K, capacity 14923K, committed 15436K, reserved 1048576K
}
Event: 4364.575 GC heap after
{Heap after GC invocations=62 (full 0):
 garbage-first heap   total 208896K, used 116220K [0x0000000080000000, 0x0000000100000000)
  region size 1024K, 2 young (2048K), 2 survivors (2048K)
 Metaspace       used 115046K, capacity 117427K, committed 119116K, reserved 1153024K
  class space    used 14120K, capacity 14923K, committed 15436K, reserved 1048576K
}
Event: 4364.878 GC heap before
{Heap before GC invocations=62 (full 0):
 garbage-first heap   total 208896K, used 123388K [0x0000000080000000, 0x0000000100000000)
  region size 1024K, 10 young (10240K), 2 survivors (2048K)
 Metaspace       used 115879K, capacity 118227K, committed 120012K, reserved 1153024K
  class space    used 14225K, capacity 15019K, committed 15564K, reserved 1048576K
}
Event: 4364.904 GC heap after
{Heap after GC invocations=63 (full 0):
 garbage-first heap   total 208896K, used 97653K [0x0000000080000000, 0x0000000100000000)
  region size 1024K, 2 young (2048K), 2 survivors (2048K)
 Metaspace       used 115879K, capacity 118227K, committed 120012K, reserved 1153024K
  class space    used 14225K, capacity 15019K, committed 15564K, reserved 1048576K
}
Event: 4365.230 GC heap before
{Heap before GC invocations=63 (full 0):
 garbage-first heap   total 208896K, used 104821K [0x0000000080000000, 0x0000000100000000)
  region size 1024K, 10 young (10240K), 2 survivors (2048K)
 Metaspace       used 116387K, capacity 118772K, committed 120524K, reserved 1155072K
  class space    used 14271K, capacity 15051K, committed 15564K, reserved 1048576K
}
Event: 4365.251 GC heap after
{Heap after GC invocations=64 (full 0):
 garbage-first heap   total 208896K, used 97290K [0x0000000080000000, 0x0000000100000000)
  region size 1024K, 2 young (2048K), 2 survivors (2048K)
 Metaspace       used 116387K, capacity 118772K, committed 120524K, reserved 1155072K
  class space    used 14271K, capacity 15051K, committed 15564K, reserved 1048576K
}
Event: 4366.551 GC heap before
{Heap before GC invocations=64 (full 0):
 garbage-first heap   total 208896K, used 164874K [0x0000000080000000, 0x0000000100000000)
  region size 1024K, 69 young (70656K), 2 survivors (2048K)
 Metaspace       used 117946K, capacity 120405K, committed 122060K, reserved 1155072K
  class space    used 14463K, capacity 15307K, committed 15820K, reserved 1048576K
}
Event: 4366.577 GC heap after
{Heap after GC invocations=65 (full 0):
 garbage-first heap   total 208896K, used 102000K [0x0000000080000000, 0x0000000100000000)
  region size 1024K, 7 young (7168K), 7 survivors (7168K)
 Metaspace       used 117946K, capacity 120405K, committed 122060K, reserved 1155072K
  class space    used 14463K, capacity 15307K, committed 15820K, reserved 1048576K
}
Event: 4367.359 GC heap before
{Heap before GC invocations=65 (full 0):
 garbage-first heap   total 208896K, used 178800K [0x0000000080000000, 0x0000000100000000)
  region size 1024K, 71 young (72704K), 7 survivors (7168K)
 Metaspace       used 119437K, capacity 122000K, committed 123340K, reserved 1157120K
  class space    used 14671K, capacity 15595K, committed 16076K, reserved 1048576K
}
Event: 4367.458 GC heap after
{Heap after GC invocations=66 (full 0):
 garbage-first heap   total 208896K, used 121856K [0x0000000080000000, 0x0000000100000000)
  region size 1024K, 9 young (9216K), 9 survivors (9216K)
 Metaspace       used 119437K, capacity 122000K, committed 123340K, reserved 1157120K
  class space    used 14671K, capacity 15595K, committed 16076K, reserved 1048576K
}
Event: 4367.811 GC heap before
{Heap before GC invocations=66 (full 0):
 garbage-first heap   total 208896K, used 168960K [0x0000000080000000, 0x0000000100000000)
  region size 1024K, 56 young (57344K), 9 survivors (9216K)
 Metaspace       used 119993K, capacity 122572K, committed 123852K, reserved 1157120K
  class space    used 14745K, capacity 15693K, committed 16076K, reserved 1048576K
}
Event: 4367.947 GC heap after
{Heap after GC invocations=67 (full 0):
 garbage-first heap   total 327680K, used 128789K [0x0000000080000000, 0x0000000100000000)
  region size 1024K, 7 young (7168K), 7 survivors (7168K)
 Metaspace       used 119993K, capacity 122572K, committed 123852K, reserved 1157120K
  class space    used 14745K, capacity 15693K, committed 16076K, reserved 1048576K
}
Event: 4371.019 GC heap before
{Heap before GC invocations=68 (full 0):
 garbage-first heap   total 327680K, used 250645K [0x0000000080000000, 0x0000000100000000)
  region size 1024K, 121 young (123904K), 7 survivors (7168K)
 Metaspace       used 124469K, capacity 127322K, committed 127948K, reserved 1161216K
  class space    used 15410K, capacity 16409K, committed 16588K, reserved 1048576K
}
Event: 4371.165 GC heap after
{Heap after GC invocations=69 (full 0):
 garbage-first heap   total 327680K, used 165504K [0x0000000080000000, 0x0000000100000000)
  region size 1024K, 16 young (16384K), 16 survivors (16384K)
 Metaspace       used 124469K, capacity 127322K, committed 127948K, reserved 1161216K
  class space    used 15410K, capacity 16409K, committed 16588K, reserved 1048576K
}
Event: 4372.054 GC heap before
{Heap before GC invocations=69 (full 0):
 garbage-first heap   total 327680K, used 223872K [0x0000000080000000, 0x0000000100000000)
  region size 1024K, 67 young (68608K), 16 survivors (16384K)
 Metaspace       used 124673K, capacity 127514K, committed 127948K, reserved 1161216K
  class space    used 15428K, capacity 16449K, committed 16588K, reserved 1048576K
}
Event: 4372.147 GC heap after
{Heap after GC invocations=70 (full 0):
 garbage-first heap   total 327680K, used 183296K [0x0000000080000000, 0x0000000100000000)
  region size 1024K, 9 young (9216K), 9 survivors (9216K)
 Metaspace       used 124673K, capacity 127514K, committed 127948K, reserved 1161216K
  class space    used 15428K, capacity 16449K, committed 16588K, reserved 1048576K
}
Event: 4373.579 GC heap before
{Heap before GC invocations=70 (full 0):
 garbage-first heap   total 327680K, used 250880K [0x0000000080000000, 0x0000000100000000)
  region size 1024K, 76 young (77824K), 9 survivors (9216K)
 Metaspace       used 125948K, capacity 128859K, committed 129356K, reserved 1161216K
  class space    used 15546K, capacity 16587K, committed 16716K, reserved 1048576K
}
Event: 4373.611 GC heap after
{Heap after GC invocations=71 (full 0):
 garbage-first heap   total 327680K, used 183470K [0x0000000080000000, 0x0000000100000000)
  region size 1024K, 5 young (5120K), 5 survivors (5120K)
 Metaspace       used 125948K, capacity 128859K, committed 129356K, reserved 1161216K
  class space    used 15546K, capacity 16587K, committed 16716K, reserved 1048576K
}
Event: 4374.281 GC heap before
{Heap before GC invocations=71 (full 0):
 garbage-first heap   total 327680K, used 255150K [0x0000000080000000, 0x0000000100000000)
  region size 1024K, 74 young (75776K), 5 survivors (5120K)
 Metaspace       used 126261K, capacity 129067K, committed 129356K, reserved 1161216K
  class space    used 15576K, capacity 16592K, committed 16716K, reserved 1048576K
}

